[2026. 5. 12. PM 5:01:24] INFO ai.call
[2026. 5. 12. PM 5:02:08] INFO command.trigger | 서버: ✧ 𝓝𝓸𝓿𝓪 ☽ | 사용자: just_39479 | 명령어: 이 스크린샷 보여?
[2026. 5. 12. PM 5:02:08] INFO ai.call
[2026. 5. 12. PM 5:02:13] INFO ai.call
[2026. 5. 12. PM 5:02:21] INFO ai.call
[2026. 5. 12. PM 5:02:27] INFO ai.call
[2026. 5. 12. PM 5:34:00] INFO command.trigger | 서버: ✧ 𝓝𝓸𝓿𝓪 ☽ | 사용자: just_39479 | 명령어: 이 사진 보여?
[2026. 5. 12. PM 5:34:03] INFO ai.call
[2026. 5. 12. PM 5:34:06] INFO ai.call
[2026. 5. 12. PM 5:34:20] INFO ai.call
[2026. 5. 12. PM 5:35:27] INFO command.trigger | 서버: ✧ 𝓝𝓸𝓿𝓪 ☽ | 사용자: just_39479 | 명령어: 직접 코드 검토해봐
[2026. 5. 12. PM 5:35:29] INFO ai.call
[2026. 5. 12. PM 5:35:29] INFO ai.call
[2026. 5. 12. PM 5:35:33] INFO ai.call
[2026. 5. 12. PM 5:35:39] INFO ai.call
[2026. 5. 12. PM 5:35:51] INFO command.trigger | 서버: ✧ 𝓝𝓸𝓿𝓪 ☽ | 사용자: just_39479 | 명령어: 로그는 확인가능해?
[2026. 5. 12. PM 5:35:56] INFO ai.call
[2026. 5. 12. PM 5:35:58] INFO ai.call
[2026. 5. 12. PM 5:35:58] INFO ai.call
[2026. 5. 12. PM 5:36:03] INFO ai.call
[2026. 5. 12. PM 5:37:13] INFO command.trigger | 서버: ✧ 𝓝𝓸𝓿𝓪 ☽ | 사용자: just_39479 | 명령어: index.js:1314 에서 에러가 발생했었어?
[2026. 5. 12. PM 5:37:17] INFO ai.call
[2026. 5. 12. PM 5:37:31] INFO ai.call
[2026. 5. 12. PM 5:37:33] INFO ai.call
[2026. 5. 12. PM 5:37:53] INFO command.trigger | 서버: ✧ 𝓝𝓸𝓿𝓪 ☽ | 사용자: just_39479 | 명령어: 엥? 그래? 언제?
[2026. 5. 12. PM 5:37:53] INFO ai.call
[2026. 5. 12. PM 5:37:57] INFO ai.call
[2026. 5. 12. PM 5:38:09] INFO ai.call
[2026. 5. 12. PM 5:38:12] INFO ai.call
[2026. 5. 12. PM 5:41:43] INFO command.trigger | 서버: ✧ 𝓝𝓸𝓿𝓪 ☽ | 사용자: just_39479 | 명령어: 어느서버에서?
[2026. 5. 12. PM 5:41:46] INFO ai.call
[2026. 5. 12. PM 5:41:48] INFO ai.call
[2026. 5. 12. PM 5:41:58] INFO ai.call
